{
  "stats": {
    "suites": 1,
    "tests": 1,
    "passes": 0,
    "pending": 0,
    "failures": 1,
    "start": "2023-05-19T17:36:58.342Z",
    "end": "2023-05-19T17:37:05.946Z",
    "duration": 7604,
    "testsRegistered": 4,
    "passPercent": 0,
    "pendingPercent": 0,
    "other": 0,
    "hasOther": false,
    "skipped": 3,
    "hasSkipped": true
  },
  "results": [
    {
      "uuid": "b4db3c82-7e9e-471e-9f5a-19fe67c5b1c7",
      "title": "",
      "fullFile": "C:\\VSCode\\qaXperience\\codecept-eXpress\\e2e\\tasks_test.js",
      "file": "\\e2e\\tasks_test.js",
      "beforeHooks": [],
      "afterHooks": [],
      "tests": [],
      "suites": [
        {
          "uuid": "23fbc94b-4f4b-4a47-b1b5-78c22f0c3e10",
          "title": "tasks",
          "fullFile": "C:\\VSCode\\qaXperience\\codecept-eXpress\\e2e\\tasks_test.js",
          "file": "\\e2e\\tasks_test.js",
          "beforeHooks": [
            {
              "title": "\"before all\" hook: codeceptjs.beforeSuite in \"tasks\"",
              "fullTitle": "tasks \"before all\" hook: codeceptjs.beforeSuite in \"tasks\"",
              "timedOut": false,
              "duration": 670,
              "state": null,
              "speed": null,
              "pass": false,
              "fail": false,
              "pending": false,
              "context": null,
              "code": "scenario.suiteSetup(suite)",
              "err": {},
              "uuid": "13de7d5f-0413-4c8d-869b-e8718c421250",
              "parentUUID": "23fbc94b-4f4b-4a47-b1b5-78c22f0c3e10",
              "isHook": true,
              "skipped": false
            },
            {
              "title": "\"before each\" hook: codeceptjs.before in \"tasks\"",
              "fullTitle": "tasks \"before each\" hook: codeceptjs.before in \"tasks\"",
              "timedOut": false,
              "duration": 391,
              "state": null,
              "speed": null,
              "pass": false,
              "fail": false,
              "pending": false,
              "context": null,
              "code": "scenario.setup(suite)",
              "err": {},
              "uuid": "1b721afb-5409-4bea-b755-4e1a92057a0a",
              "parentUUID": "23fbc94b-4f4b-4a47-b1b5-78c22f0c3e10",
              "isHook": true,
              "skipped": false
            }
          ],
          "afterHooks": [
            {
              "title": "\"after all\" hook: codeceptjs.afterSuite in \"tasks\"",
              "fullTitle": "tasks \"after all\" hook: codeceptjs.afterSuite in \"tasks\"",
              "timedOut": false,
              "duration": 0,
              "state": null,
              "speed": null,
              "pass": false,
              "fail": false,
              "pending": false,
              "context": null,
              "code": "scenario.suiteTeardown(suite)",
              "err": {},
              "uuid": "9c639b50-a35d-459e-a568-c67c399b6c8f",
              "parentUUID": "23fbc94b-4f4b-4a47-b1b5-78c22f0c3e10",
              "isHook": true,
              "skipped": false
            },
            {
              "title": "\"after each\" hook: finalize codeceptjs in \"tasks\"",
              "fullTitle": "tasks \"after each\" hook: finalize codeceptjs in \"tasks\"",
              "timedOut": false,
              "duration": 75,
              "state": null,
              "speed": null,
              "pass": false,
              "fail": false,
              "pending": false,
              "context": null,
              "code": "scenario.teardown(suite)",
              "err": {},
              "uuid": "1668f272-3ccc-4f50-9211-14fe22fd7710",
              "parentUUID": "23fbc94b-4f4b-4a47-b1b5-78c22f0c3e10",
              "isHook": true,
              "skipped": false
            }
          ],
          "tests": [
            {
              "title": "should be able to create new tasks | {\"name\":\"Go Shopping\"} @new",
              "fullTitle": "tasks: should be able to create new tasks | {\"name\":\"Go Shopping\"} @new",
              "timedOut": false,
              "duration": 0,
              "state": null,
              "speed": null,
              "pass": false,
              "fail": false,
              "pending": false,
              "context": null,
              "code": "I, tasksPage, current }) => {\n\t\tconst taskName = current.name\n\t\tI.deleteByHelper(taskName)\n\t\ttasksPage.create(taskName)\n\t\ttasksPage.have(taskName)",
              "err": {},
              "uuid": "23c13894-18a7-4844-aa68-414c37534d81",
              "parentUUID": "23fbc94b-4f4b-4a47-b1b5-78c22f0c3e10",
              "isHook": false,
              "skipped": true
            },
            {
              "title": "should be able to create new tasks | {\"name\":\"Read Book\"} @new",
              "fullTitle": "tasks: should be able to create new tasks | {\"name\":\"Read Book\"} @new",
              "timedOut": false,
              "duration": 0,
              "state": null,
              "speed": null,
              "pass": false,
              "fail": false,
              "pending": false,
              "context": null,
              "code": "I, tasksPage, current }) => {\n\t\tconst taskName = current.name\n\t\tI.deleteByHelper(taskName)\n\t\ttasksPage.create(taskName)\n\t\ttasksPage.have(taskName)",
              "err": {},
              "uuid": "9b0829fd-c2b7-4093-95d7-b2f3efd3b86b",
              "parentUUID": "23fbc94b-4f4b-4a47-b1b5-78c22f0c3e10",
              "isHook": false,
              "skipped": true
            },
            {
              "title": "should be able to create new tasks | {\"name\":\"Study Java\"} @new",
              "fullTitle": "tasks: should be able to create new tasks | {\"name\":\"Study Java\"} @new",
              "timedOut": false,
              "duration": 0,
              "state": null,
              "speed": null,
              "pass": false,
              "fail": false,
              "pending": false,
              "context": null,
              "code": "I, tasksPage, current }) => {\n\t\tconst taskName = current.name\n\t\tI.deleteByHelper(taskName)\n\t\ttasksPage.create(taskName)\n\t\ttasksPage.have(taskName)",
              "err": {},
              "uuid": "ab93aa53-f012-487d-8c00-5f0dbbc57c19",
              "parentUUID": "23fbc94b-4f4b-4a47-b1b5-78c22f0c3e10",
              "isHook": false,
              "skipped": true
            },
            {
              "title": "should not create duplicated task @critical",
              "fullTitle": "tasks: should not create duplicated task @critical",
              "timedOut": false,
              "duration": 6459,
              "state": "failed",
              "speed": null,
              "pass": false,
              "fail": true,
              "pending": false,
              "context": "\"should_not_dd95507b-c9c2-446c-a579-1644a39c4b91.failed.png\"",
              "code": "I, tasksPage }) => {\n\tconst task = {\n\t\tname: 'Pay Check',\n\t\tis_done: false,\n\t}\n\t// {name: \"Go shopping\", is_done: false}\n\tI.deleteByHelper(task.name)\n\tI.postTask(task)\n\ttasksPage.create(task.name)\n\ttasksPage.popUp('Task already exist!')",
              "err": {
                "message": null,
                "estack": null,
                "diff": "- Task already exists!\n+ Task already exist!\n"
              },
              "uuid": "dd95507b-c9c2-446c-a579-1644a39c4b91",
              "parentUUID": "23fbc94b-4f4b-4a47-b1b5-78c22f0c3e10",
              "isHook": false,
              "skipped": false
            }
          ],
          "suites": [],
          "passes": [],
          "failures": [
            "dd95507b-c9c2-446c-a579-1644a39c4b91"
          ],
          "pending": [],
          "skipped": [
            "23c13894-18a7-4844-aa68-414c37534d81",
            "9b0829fd-c2b7-4093-95d7-b2f3efd3b86b",
            "ab93aa53-f012-487d-8c00-5f0dbbc57c19"
          ],
          "duration": 6459,
          "root": false,
          "rootEmpty": false,
          "_timeout": 0
        }
      ],
      "passes": [],
      "failures": [],
      "pending": [],
      "skipped": [],
      "duration": 0,
      "root": true,
      "rootEmpty": true,
      "_timeout": 0
    }
  ],
  "meta": {
    "mocha": {
      "version": "10.2.0"
    },
    "mochawesome": {
      "options": {
        "quiet": false,
        "reportFilename": "mochawesome",
        "saveHtml": true,
        "saveJson": true,
        "consoleReporter": "spec",
        "useInlineDiffs": false,
        "code": true
      },
      "version": "7.1.3"
    },
    "marge": {
      "options": {
        "reportDir": "output"
      },
      "version": "6.2.0"
    }
  }
}